* using log directory ‘/home/vnijs/gh/radiant.model/radiant.model.Rcheck’
* using R version 4.5.3 (2026-03-11)
* using platform: x86_64-pc-linux-gnu
* R was compiled by
    gcc (GCC) 15.2.0
    GNU Fortran (GCC) 15.2.0
* running under: NixOS 26.05 (Yarara)
* using session charset: UTF-8
* using options ‘--no-tests --no-vignettes --no-build-vignettes’
* checking for file ‘radiant.model/DESCRIPTION’ ... OK
* checking extension type ... Package
* this is package ‘radiant.model’ version ‘1.6.9’
* package encoding: UTF-8
* checking package namespace information ... OK
* checking package dependencies ... INFO
Packages suggested but not available for checking: 'testthat', 'pkgdown'
* checking if this is a source package ... OK
* checking if there is a namespace ... OK
* checking for .dll and .exe files ... OK
* checking for hidden files and directories ... OK
* checking for portable file names ... OK
* checking for sufficient/correct file permissions ... OK
* checking whether package ‘radiant.model’ can be installed ... OK
* checking installed package size ... INFO
  installed size is 11.2Mb
  sub-directories of 1Mb or more:
    app  10.1Mb
* checking package directory ... OK
* checking DESCRIPTION meta-information ... OK
* checking top-level files ... OK
* checking for left-over files ... OK
* checking index information ... OK
* checking package subdirectories ... OK
* checking code files for non-ASCII characters ... OK
* checking R files for syntax errors ... OK
* checking whether the package can be loaded ... OK
* checking whether the package can be loaded with stated dependencies ... OK
* checking whether the package can be unloaded cleanly ... OK
* checking whether the namespace can be loaded with stated dependencies ... OK
* checking whether the namespace can be unloaded cleanly ... OK
* checking loading without being on the library search path ... OK
* checking dependencies in R code ... OK
* checking S3 generic/method consistency ... OK
* checking replacement functions ... OK
* checking foreign function calls ... OK
* checking R code for possible problems ... OK
* checking Rd files ... OK
* checking Rd metadata ... OK
* checking Rd cross-references ... OK
* checking for missing documentation entries ... OK
* checking for code/documentation mismatches ... OK
* checking Rd \usage sections ... OK
* checking Rd contents ... OK
* checking for unstated dependencies in examples ... OK
* checking contents of ‘data’ directory ... OK
* checking data for non-ASCII characters ... OK
* checking LazyData ... OK
* checking data for ASCII and uncompressed saves ... OK
* checking examples ... OK
* checking for unstated dependencies in ‘tests’ ... OK
* checking tests ... SKIPPED
* checking PDF version of manual ... WARNING
LaTeX errors when creating PDF version.
This typically indicates Rd problems.
* checking PDF version of manual without index ... ERROR
Re-running with no redirection of stdout/stderr.
* DONE
Status: 1 ERROR, 1 WARNING
